<?xml version="1.0" encoding="UTF-8"?>
<!-- Generated by org.testng.reporters.JUnitReportReporter -->
<testsuite hostname="LAPTOP-GA4HMSSR" failures="0" tests="3" name="com.qa.crossbrowsers.CrossBrowsers" time="20.364" errors="0" timestamp="2022-11-21T09:09:04 IST" skipped="0">
  <testcase classname="com.qa.crossbrowsers.CrossBrowsers" name="verifyTitel1" time="6.809"/>
  <system-out/>
  <testcase classname="com.qa.crossbrowsers.CrossBrowsers" name="verifyTitel1" time="7.247"/>
  <system-out/>
  <testcase classname="com.qa.crossbrowsers.CrossBrowsers" name="verifyTitel1" time="6.308"/>
  <system-out/>
</testsuite> <!-- com.qa.crossbrowsers.CrossBrowsers -->
